<?xml version="1.0" encoding="UTF-8"?>
<testsuite xmlns:xsi="http://www.w3.org/2001/XMLSchema-instance" xsi:noNamespaceSchemaLocation="https://maven.apache.org/surefire/maven-surefire-plugin/xsd/surefire-test-report.xsd" version="3.0.2" name="com.umfrancisco.estatisticas_criminais_project.EstatisticasCriminaisProjectApplicationTests" time="11.319" tests="1" errors="0" skipped="0" failures="0" flakes="0">
  <properties>
[...]
</properties>
  <testcase name="contextLoads" classname="com.umfrancisco.estatisticas_criminais_project.EstatisticasCriminaisProjectApplicationTests" time="0.991">
    <system-out><![CDATA[08:51:58.700 [main] INFO org.springframework.test.context.support.AnnotationConfigContextLoaderUtils -- Could not detect default configuration classes for test class [com.umfrancisco.estatisticas_criminais_project.EstatisticasCriminaisProjectApplicationTests]: EstatisticasCriminaisProjectApplicationTests does not declare any static, non-private, non-final, nested classes annotated with @Configuration.
08:51:58.942 [main] INFO org.springframework.boot.test.context.SpringBootTestContextBootstrapper -- Found @SpringBootConfiguration com.umfrancisco.estatisticas_criminais_project.Application for test class com.umfrancisco.estatisticas_criminais_project.EstatisticasCriminaisProjectApplicationTests
08:51:59.153 [main] INFO org.springframework.test.context.support.AnnotationConfigContextLoaderUtils -- Could not detect default configuration classes for test class [com.umfrancisco.estatisticas_criminais_project.EstatisticasCriminaisProjectApplicationTests]: EstatisticasCriminaisProjectApplicationTests does not declare any static, non-private, non-final, nested classes annotated with @Configuration.
08:51:59.158 [main] INFO org.springframework.boot.test.context.SpringBootTestContextBootstrapper -- Found @SpringBootConfiguration com.umfrancisco.estatisticas_criminais_project.Application for test class com.umfrancisco.estatisticas_criminais_project.EstatisticasCriminaisProjectApplicationTests

  .   ____          _            __ _ _
 /\\ / ___'_ __ _ _(_)_ __  __ _ \ \ \ \
( ( )\___ | '_ | '_| | '_ \/ _` | \ \ \ \
 \\/  ___)| |_)| | | | | || (_| |  ) ) ) )
  '  |____| .__|_| |_|_| |_\__, | / / / /
 =========|_|==============|___/=/_/_/_/

 :: Spring Boot ::                (v4.0.6)

2026-05-30T08:52:00.211-03:00  INFO 12804 --- [estatisticas-criminais-project] [           main] tisticasCriminaisProjectApplicationTests : Starting EstatisticasCriminaisProjectApplicationTests using Java 17.0.12 with PID 12804 (started by francisco in /home/francisco/Documents/java-workspaces/projects/estatisticas-criminais-project)
2026-05-30T08:52:00.217-03:00  INFO 12804 --- [estatisticas-criminais-project] [           main] tisticasCriminaisProjectApplicationTests : No active profile set, falling back to 1 default profile: "default"
2026-05-30T08:52:01.598-03:00  INFO 12804 --- [estatisticas-criminais-project] [           main] .s.d.r.c.RepositoryConfigurationDelegate : Bootstrapping Spring Data JPA repositories in DEFAULT mode.
2026-05-30T08:52:01.698-03:00  INFO 12804 --- [estatisticas-criminais-project] [           main] .s.d.r.c.RepositoryConfigurationDelegate : Finished Spring Data repository scanning in 78 ms. Found 1 JPA repository interface.
2026-05-30T08:52:02.717-03:00  INFO 12804 --- [estatisticas-criminais-project] [           main] org.hibernate.orm.jpa                    : HHH008540: Processing PersistenceUnitInfo [name: default]
2026-05-30T08:52:02.867-03:00  INFO 12804 --- [estatisticas-criminais-project] [           main] org.hibernate.orm.core                   : HHH000001: Hibernate ORM core version 7.2.12.Final
2026-05-30T08:52:03.984-03:00  INFO 12804 --- [estatisticas-criminais-project] [           main] o.s.o.j.p.SpringPersistenceUnitInfo      : No LoadTimeWeaver setup: ignoring JPA class transformer
2026-05-30T08:52:04.070-03:00  INFO 12804 --- [estatisticas-criminais-project] [           main] com.zaxxer.hikari.HikariDataSource       : HikariPool-1 - Starting...
2026-05-30T08:52:04.823-03:00  INFO 12804 --- [estatisticas-criminais-project] [           main] com.zaxxer.hikari.pool.HikariPool        : HikariPool-1 - Added connection org.postgresql.jdbc.PgConnection@3c9ef37b
2026-05-30T08:52:04.826-03:00  INFO 12804 --- [estatisticas-criminais-project] [           main] com.zaxxer.hikari.HikariDataSource       : HikariPool-1 - Start completed.
2026-05-30T08:52:04.892-03:00  WARN 12804 --- [estatisticas-criminais-project] [           main] org.hibernate.orm.deprecation            : HHH90000025: PostgreSQLDialect does not need to be specified explicitly using 'hibernate.dialect' (remove the property setting and it will be selected by default)
2026-05-30T08:52:04.934-03:00  INFO 12804 --- [estatisticas-criminais-project] [           main] org.hibernate.orm.connections.pooling    : HHH10001005: Database info:
	Database JDBC URL [jdbc:postgresql://localhost:5432/crimes]
	Database driver: PostgreSQL JDBC Driver
	Database dialect: PostgreSQLDialect
	Database version: 16.14
	Default catalog/schema: crimes/public
	Autocommit mode: undefined/unknown
	Isolation level: READ_COMMITTED [default READ_COMMITTED]
	JDBC fetch size: none
	Pool: DataSourceConnectionProvider
	Minimum pool size: undefined/unknown
	Maximum pool size: undefined/unknown
2026-05-30T08:52:06.896-03:00  INFO 12804 --- [estatisticas-criminais-project] [           main] org.hibernate.orm.core                   : HHH000489: No JTA platform available (set 'hibernate.transaction.jta.platform' to enable JTA platform integration)
Hibernate: alter table if exists crime alter column furto set data type float(53)
Hibernate: alter table if exists crime alter column furto_roubo_veiculos set data type float(53)
Hibernate: alter table if exists crime alter column homicidio set data type float(53)
Hibernate: alter table if exists crime alter column roubo set data type float(53)
2026-05-30T08:52:07.022-03:00  INFO 12804 --- [estatisticas-criminais-project] [           main] j.LocalContainerEntityManagerFactoryBean : Initialized JPA EntityManagerFactory for persistence unit 'default'
2026-05-30T08:52:07.197-03:00  INFO 12804 --- [estatisticas-criminais-project] [           main] o.s.d.j.r.query.QueryEnhancerFactories   : Hibernate is in classpath; If applicable, HQL parser will be used.
2026-05-30T08:52:07.677-03:00  WARN 12804 --- [estatisticas-criminais-project] [           main] JpaBaseConfiguration$JpaWebConfiguration : spring.jpa.open-in-view is enabled by default. Therefore, database queries may be performed during view rendering. Explicitly configure spring.jpa.open-in-view to disable this warning
2026-05-30T08:52:08.573-03:00  INFO 12804 --- [estatisticas-criminais-project] [           main] tisticasCriminaisProjectApplicationTests : Started EstatisticasCriminaisProjectApplicationTests in 9.249 seconds (process running for 11.947)
]]></system-out>
  </testcase>
</testsuite>